0 info it worked if it ends with ok
1 verbose cli [ '/home/ubuntu/.nvm/versions/node/v6.11.2/bin/node',
1 verbose cli   '/home/ubuntu/.nvm/versions/node/v6.11.2/bin/npm',
1 verbose cli   'i',
1 verbose cli   'csvtojson@2',
1 verbose cli   '-E' ]
2 info using npm@3.10.10
3 info using node@v6.11.2
4 silly loadCurrentTree Starting
5 silly install loadCurrentTree
6 silly install readLocalPackageData
7 silly fetchPackageMetaData csvtojson@2
8 silly fetchNamedPackageData csvtojson
9 silly mapToRegistry name csvtojson
10 silly mapToRegistry using default registry
11 silly mapToRegistry registry https://registry.npmjs.org/
12 silly mapToRegistry data Result {
12 silly mapToRegistry   raw: 'csvtojson',
12 silly mapToRegistry   scope: null,
12 silly mapToRegistry   escapedName: 'csvtojson',
12 silly mapToRegistry   name: 'csvtojson',
12 silly mapToRegistry   rawSpec: '',
12 silly mapToRegistry   spec: 'latest',
12 silly mapToRegistry   type: 'tag' }
13 silly mapToRegistry uri https://registry.npmjs.org/csvtojson
14 verbose request uri https://registry.npmjs.org/csvtojson
15 verbose request no auth needed
16 info attempt registry request try #1 at 4:59:27 AM
17 verbose request id 3548a47ffe404b59
18 verbose etag W/"25210f5af70f4b9e26f9f2eb0df247bc"
19 verbose lastModified Fri, 03 Aug 2018 13:56:29 GMT
20 http request GET https://registry.npmjs.org/csvtojson
21 http 304 https://registry.npmjs.org/csvtojson
22 verbose headers { date: 'Fri, 28 Dec 2018 04:59:27 GMT',
22 verbose headers   connection: 'keep-alive',
22 verbose headers   'set-cookie': [ '__cfduid=d59a68340763b6a7d7e9ccf3c78b06dd81545973167; expires=Sat, 28-Dec-19 04:59:27 GMT; path=/; domain=.registry.npmjs.org; HttpOnly' ],
22 verbose headers   'cf-cache-status': 'HIT',
22 verbose headers   'cache-control': 'max-age=300',
22 verbose headers   'cf-ray': '490175297f52c55e-ORD',
22 verbose headers   etag: '"25210f5af70f4b9e26f9f2eb0df247bc"',
22 verbose headers   'expect-ct': 'max-age=604800, report-uri="https://report-uri.cloudflare.com/cdn-cgi/beacon/expect-ct"',
22 verbose headers   'last-modified': 'Fri, 03 Aug 2018 13:56:29 GMT',
22 verbose headers   vary: 'accept-encoding, accept',
22 verbose headers   server: 'cloudflare' }
23 silly get cb [ 304,
23 silly get   { date: 'Fri, 28 Dec 2018 04:59:27 GMT',
23 silly get     connection: 'keep-alive',
23 silly get     'set-cookie': [ '__cfduid=d59a68340763b6a7d7e9ccf3c78b06dd81545973167; expires=Sat, 28-Dec-19 04:59:27 GMT; path=/; domain=.registry.npmjs.org; HttpOnly' ],
23 silly get     'cf-cache-status': 'HIT',
23 silly get     'cache-control': 'max-age=300',
23 silly get     'cf-ray': '490175297f52c55e-ORD',
23 silly get     etag: '"25210f5af70f4b9e26f9f2eb0df247bc"',
23 silly get     'expect-ct': 'max-age=604800, report-uri="https://report-uri.cloudflare.com/cdn-cgi/beacon/expect-ct"',
23 silly get     'last-modified': 'Fri, 03 Aug 2018 13:56:29 GMT',
23 silly get     vary: 'accept-encoding, accept',
23 silly get     server: 'cloudflare' } ]
24 verbose etag https://registry.npmjs.org/csvtojson from cache
25 verbose get saving csvtojson to /home/ubuntu/.npm/registry.npmjs.org/csvtojson/.cache.json
26 verbose correctMkdir /home/ubuntu/.npm correctMkdir not in flight; initializing
27 silly install normalizeTree
28 silly loadCurrentTree Finishing
29 silly loadIdealTree Starting
30 silly install loadIdealTree
31 silly cloneCurrentTree Starting
32 silly install cloneCurrentTreeToIdealTree
33 silly cloneCurrentTree Finishing
34 silly loadShrinkwrap Starting
35 silly install loadShrinkwrap
36 silly loadShrinkwrap Finishing
37 silly loadAllDepsIntoIdealTree Starting
38 silly install loadAllDepsIntoIdealTree
39 silly rollbackFailedOptional Starting
40 silly rollbackFailedOptional Finishing
41 silly runTopLevelLifecycles Finishing
42 silly install printInstalled
43 verbose stack Error: Refusing to install csvtojson as a dependency of itself
43 verbose stack     at checkSelf (/home/ubuntu/.nvm/versions/node/v6.11.2/lib/node_modules/npm/lib/install/validate-args.js:53:14)
43 verbose stack     at Array.<anonymous> (/home/ubuntu/.nvm/versions/node/v6.11.2/lib/node_modules/npm/node_modules/slide/lib/bind-actor.js:15:8)
43 verbose stack     at LOOP (/home/ubuntu/.nvm/versions/node/v6.11.2/lib/node_modules/npm/node_modules/slide/lib/chain.js:15:14)
43 verbose stack     at chain (/home/ubuntu/.nvm/versions/node/v6.11.2/lib/node_modules/npm/node_modules/slide/lib/chain.js:20:5)
43 verbose stack     at /home/ubuntu/.nvm/versions/node/v6.11.2/lib/node_modules/npm/lib/install/validate-args.js:16:5
43 verbose stack     at /home/ubuntu/.nvm/versions/node/v6.11.2/lib/node_modules/npm/node_modules/slide/lib/async-map.js:52:35
43 verbose stack     at Array.forEach (native)
43 verbose stack     at /home/ubuntu/.nvm/versions/node/v6.11.2/lib/node_modules/npm/node_modules/slide/lib/async-map.js:52:11
43 verbose stack     at Array.forEach (native)
43 verbose stack     at asyncMap (/home/ubuntu/.nvm/versions/node/v6.11.2/lib/node_modules/npm/node_modules/slide/lib/async-map.js:51:8)
44 verbose cwd /home/ubuntu/workspace/javascript101/nodejsExpressMongodb/csvtojson
45 error Linux 4.9.120-c9
46 error argv "/home/ubuntu/.nvm/versions/node/v6.11.2/bin/node" "/home/ubuntu/.nvm/versions/node/v6.11.2/bin/npm" "i" "csvtojson@2" "-E"
47 error node v6.11.2
48 error npm  v3.10.10
49 error code ENOSELF
50 error Refusing to install csvtojson as a dependency of itself
51 error If you need help, you may report this error at:
51 error     <https://github.com/npm/npm/issues>
52 verbose exit [ 1, true ]
